\BOOKMARK [0][-]{section*.2}{A high-repetition-rate, fast temperature programmed gas chromatograph and its application in comprehensive supercritical fluid x gas chromatography }{}% 2
\BOOKMARK [1][-]{section*.1}{Abstract}{section*.2}% 1
\BOOKMARK [1][-]{section*.3}{Introduction}{section*.2}% 3
\BOOKMARK [2][-]{section*.4}{Column heating for gas chromatography}{section*.3}% 4
\BOOKMARK [2][-]{section*.5}{Cooling of the GC column}{section*.3}% 5
\BOOKMARK [2][-]{section*.6}{Application}{section*.3}% 6
\BOOKMARK [1][-]{section*.7}{Experimental}{section*.2}% 7
\BOOKMARK [2][-]{section*.8}{Introduction}{section*.7}% 8
\BOOKMARK [2][-]{section*.9}{Hardware}{section*.7}% 9
\BOOKMARK [2][-]{section*.10}{Electronics}{section*.7}% 10
\BOOKMARK [2][-]{section*.11}{Coaxial heater temperature calibration}{section*.7}% 11
\BOOKMARK [2][-]{section*.12}{Heating uniformity}{section*.7}% 12
\BOOKMARK [2][-]{section*.13}{Software}{section*.7}% 13
\BOOKMARK [3][-]{section*.14}{Instrument Control}{section*.13}% 14
\BOOKMARK [3][-]{section*.15}{Data structure}{section*.13}% 15
\BOOKMARK [3][-]{section*.16}{Data visualization}{section*.13}% 16
\BOOKMARK [1][-]{section*.17}{Results and Discussion}{section*.2}% 17
\BOOKMARK [2][-]{section*.18}{Heating uniformity}{section*.17}% 18
\BOOKMARK [2][-]{section*.19}{Temperature calibration}{section*.17}% 19
\BOOKMARK [2][-]{section*.20}{Heating rate}{section*.17}% 20
\BOOKMARK [2][-]{section*.21}{Cooling rate}{section*.17}% 21
\BOOKMARK [2][-]{section*.22}{Repeatability}{section*.17}% 22
\BOOKMARK [2][-]{section*.23}{Chromatography}{section*.17}% 23
\BOOKMARK [1][-]{section*.24}{Conclusion}{section*.2}% 24
\BOOKMARK [1][-]{section*.25}{Supplementary Material}{section*.2}% 25
\BOOKMARK [1][-]{section*.26}{Acknowledgments}{section*.2}% 26
\BOOKMARK [1][-]{section*.27}{References}{section*.2}% 27
