This is pdfTeX, Version 3.14159265-2.6-1.40.20 (MiKTeX 2.9.7140 64-bit) (preloaded format=pdflatex 2019.10.4)  31 JAN 2020 18:07
entering extended mode
**./ResponseLetter2.tex
(ResponseLetter2.tex
LaTeX2e <2018-12-01>
("C:\Program Files\MiKTeX 2.9\tex/latex/base\article.cls"
Document Class: article 2018/09/03 v1.4i Standard LaTeX document class
("C:\Program Files\MiKTeX 2.9\tex/latex/base\size10.clo"
File: size10.clo 2018/09/03 v1.4i Standard LaTeX file (size option)
)
\c@part=\count80
\c@section=\count81
\c@subsection=\count82
\c@subsubsection=\count83
\c@paragraph=\count84
\c@subparagraph=\count85
\c@figure=\count86
\c@table=\count87
\abovecaptionskip=\skip41
\belowcaptionskip=\skip42
\bibindent=\dimen102
)
("C:\Program Files\MiKTeX 2.9\tex/latex/base\inputenc.sty"
Package: inputenc 2018/08/11 v1.3c Input encoding file
\inpenc@prehook=\toks14
\inpenc@posthook=\toks15
)
("C:\Program Files\MiKTeX 2.9\tex/latex/amsmath\amsmath.sty"
Package: amsmath 2018/12/01 v2.17b AMS math features
\@mathmargin=\skip43

For additional information on amsmath, use the `?' option.
("C:\Program Files\MiKTeX 2.9\tex/latex/amsmath\amstext.sty"
Package: amstext 2000/06/29 v2.01 AMS text

("C:\Program Files\MiKTeX 2.9\tex/latex/amsmath\amsgen.sty"
File: amsgen.sty 1999/11/30 v2.0 generic functions
\@emptytoks=\toks16
\ex@=\dimen103
))
("C:\Program Files\MiKTeX 2.9\tex/latex/amsmath\amsbsy.sty"
Package: amsbsy 1999/11/29 v1.2d Bold Symbols
\pmbraise@=\dimen104
)
("C:\Program Files\MiKTeX 2.9\tex/latex/amsmath\amsopn.sty"
Package: amsopn 2016/03/08 v2.02 operator names
)
\inf@bad=\count88
LaTeX Info: Redefining \frac on input line 223.
\uproot@=\count89
\leftroot@=\count90
LaTeX Info: Redefining \overline on input line 385.
\classnum@=\count91
\DOTSCASE@=\count92
LaTeX Info: Redefining \ldots on input line 482.
LaTeX Info: Redefining \dots on input line 485.
LaTeX Info: Redefining \cdots on input line 606.
\Mathstrutbox@=\box27
\strutbox@=\box28
\big@size=\dimen105
LaTeX Font Info:    Redeclaring font encoding OML on input line 729.
LaTeX Font Info:    Redeclaring font encoding OMS on input line 730.
\macc@depth=\count93
\c@MaxMatrixCols=\count94
\dotsspace@=\muskip10
\c@parentequation=\count95
\dspbrk@lvl=\count96
\tag@help=\toks17
\row@=\count97
\column@=\count98
\maxfields@=\count99
\andhelp@=\toks18
\eqnshift@=\dimen106
\alignsep@=\dimen107
\tagshift@=\dimen108
\tagwidth@=\dimen109
\totwidth@=\dimen110
\lineht@=\dimen111
\@envbody=\toks19
\multlinegap=\skip44
\multlinetaggap=\skip45
\mathdisplay@stack=\toks20
LaTeX Info: Redefining \[ on input line 2844.
LaTeX Info: Redefining \] on input line 2845.
)
("C:\Program Files\MiKTeX 2.9\tex/latex/eurosym\eurosym.sty"
Package: eurosym 1998/08/06 v1.1 European currency symbol ``Euro''
\@eurobox=\box29
)
("C:\Program Files\MiKTeX 2.9\tex/latex/base\textcomp.sty"
Package: textcomp 2018/08/11 v2.0j Standard LaTeX package
Package textcomp Info: Sub-encoding information:
(textcomp)               5 = only ISO-Adobe without \textcurrency
(textcomp)               4 = 5 + \texteuro
(textcomp)               3 = 4 + \textohm
(textcomp)               2 = 3 + \textestimated + \textcurrency
(textcomp)               1 = TS1 - \textcircled - \t
(textcomp)               0 = TS1 (full)
(textcomp)             Font families with sub-encoding setting implement
(textcomp)             only a restricted character set as indicated.
(textcomp)             Family '?' is the default used for unknown fonts.
(textcomp)             See the documentation for details.
Package textcomp Info: Setting ? sub-encoding to TS1/1 on input line 79.

("C:\Program Files\MiKTeX 2.9\tex/latex/base\ts1enc.def"
File: ts1enc.def 2001/06/05 v3.0e (jk/car/fm) Standard LaTeX file
Now handling font encoding TS1 ...
... processing UTF-8 mapping file for font encoding TS1

("C:\Program Files\MiKTeX 2.9\tex/latex/base\ts1enc.dfu"
File: ts1enc.dfu 2018/10/05 v1.2f UTF-8 support for inputenc
   defining Unicode char U+00A2 (decimal 162)
   defining Unicode char U+00A3 (decimal 163)
   defining Unicode char U+00A4 (decimal 164)
   defining Unicode char U+00A5 (decimal 165)
   defining Unicode char U+00A6 (decimal 166)
   defining Unicode char U+00A7 (decimal 167)
   defining Unicode char U+00A8 (decimal 168)
   defining Unicode char U+00A9 (decimal 169)
   defining Unicode char U+00AA (decimal 170)
   defining Unicode char U+00AC (decimal 172)
   defining Unicode char U+00AE (decimal 174)
   defining Unicode char U+00AF (decimal 175)
   defining Unicode char U+00B0 (decimal 176)
   defining Unicode char U+00B1 (decimal 177)
   defining Unicode char U+00B2 (decimal 178)
   defining Unicode char U+00B3 (decimal 179)
   defining Unicode char U+00B4 (decimal 180)
   defining Unicode char U+00B5 (decimal 181)
   defining Unicode char U+00B6 (decimal 182)
   defining Unicode char U+00B7 (decimal 183)
   defining Unicode char U+00B9 (decimal 185)
   defining Unicode char U+00BA (decimal 186)
   defining Unicode char U+00BC (decimal 188)
   defining Unicode char U+00BD (decimal 189)
   defining Unicode char U+00BE (decimal 190)
   defining Unicode char U+00D7 (decimal 215)
   defining Unicode char U+00F7 (decimal 247)
   defining Unicode char U+0192 (decimal 402)
   defining Unicode char U+02C7 (decimal 711)
   defining Unicode char U+02D8 (decimal 728)
   defining Unicode char U+02DD (decimal 733)
   defining Unicode char U+0E3F (decimal 3647)
   defining Unicode char U+2016 (decimal 8214)
   defining Unicode char U+2020 (decimal 8224)
   defining Unicode char U+2021 (decimal 8225)
   defining Unicode char U+2022 (decimal 8226)
   defining Unicode char U+2030 (decimal 8240)
   defining Unicode char U+2031 (decimal 8241)
   defining Unicode char U+203B (decimal 8251)
   defining Unicode char U+203D (decimal 8253)
   defining Unicode char U+2044 (decimal 8260)
   defining Unicode char U+204E (decimal 8270)
   defining Unicode char U+2052 (decimal 8274)
   defining Unicode char U+20A1 (decimal 8353)
   defining Unicode char U+20A4 (decimal 8356)
   defining Unicode char U+20A6 (decimal 8358)
   defining Unicode char U+20A9 (decimal 8361)
   defining Unicode char U+20AB (decimal 8363)
   defining Unicode char U+20AC (decimal 8364)
   defining Unicode char U+20B1 (decimal 8369)
   defining Unicode char U+2103 (decimal 8451)
   defining Unicode char U+2116 (decimal 8470)
   defining Unicode char U+2117 (decimal 8471)
   defining Unicode char U+211E (decimal 8478)
   defining Unicode char U+2120 (decimal 8480)
   defining Unicode char U+2122 (decimal 8482)
   defining Unicode char U+2126 (decimal 8486)
   defining Unicode char U+2127 (decimal 8487)
   defining Unicode char U+212E (decimal 8494)
   defining Unicode char U+2190 (decimal 8592)
   defining Unicode char U+2191 (decimal 8593)
   defining Unicode char U+2192 (decimal 8594)
   defining Unicode char U+2193 (decimal 8595)
   defining Unicode char U+2329 (decimal 9001)
   defining Unicode char U+232A (decimal 9002)
   defining Unicode char U+2422 (decimal 9250)
   defining Unicode char U+25E6 (decimal 9702)
   defining Unicode char U+25EF (decimal 9711)
   defining Unicode char U+266A (decimal 9834)
   defining Unicode char U+FEFF (decimal 65279)
))
LaTeX Info: Redefining \oldstylenums on input line 334.
Package textcomp Info: Setting cmr sub-encoding to TS1/0 on input line 349.
Package textcomp Info: Setting cmss sub-encoding to TS1/0 on input line 350.
Package textcomp Info: Setting cmtt sub-encoding to TS1/0 on input line 351.
Package textcomp Info: Setting cmvtt sub-encoding to TS1/0 on input line 352.
Package textcomp Info: Setting cmbr sub-encoding to TS1/0 on input line 353.
Package textcomp Info: Setting cmtl sub-encoding to TS1/0 on input line 354.
Package textcomp Info: Setting ccr sub-encoding to TS1/0 on input line 355.
Package textcomp Info: Setting ptm sub-encoding to TS1/4 on input line 356.
Package textcomp Info: Setting pcr sub-encoding to TS1/4 on input line 357.
Package textcomp Info: Setting phv sub-encoding to TS1/4 on input line 358.
Package textcomp Info: Setting ppl sub-encoding to TS1/3 on input line 359.
Package textcomp Info: Setting pag sub-encoding to TS1/4 on input line 360.
Package textcomp Info: Setting pbk sub-encoding to TS1/4 on input line 361.
Package textcomp Info: Setting pnc sub-encoding to TS1/4 on input line 362.
Package textcomp Info: Setting pzc sub-encoding to TS1/4 on input line 363.
Package textcomp Info: Setting bch sub-encoding to TS1/4 on input line 364.
Package textcomp Info: Setting put sub-encoding to TS1/5 on input line 365.
Package textcomp Info: Setting uag sub-encoding to TS1/5 on input line 366.
Package textcomp Info: Setting ugq sub-encoding to TS1/5 on input line 367.
Package textcomp Info: Setting ul8 sub-encoding to TS1/4 on input line 368.
Package textcomp Info: Setting ul9 sub-encoding to TS1/4 on input line 369.
Package textcomp Info: Setting augie sub-encoding to TS1/5 on input line 370.
Package textcomp Info: Setting dayrom sub-encoding to TS1/3 on input line 371.
Package textcomp Info: Setting dayroms sub-encoding to TS1/3 on input line 372.

Package textcomp Info: Setting pxr sub-encoding to TS1/0 on input line 373.
Package textcomp Info: Setting pxss sub-encoding to TS1/0 on input line 374.
Package textcomp Info: Setting pxtt sub-encoding to TS1/0 on input line 375.
Package textcomp Info: Setting txr sub-encoding to TS1/0 on input line 376.
Package textcomp Info: Setting txss sub-encoding to TS1/0 on input line 377.
Package textcomp Info: Setting txtt sub-encoding to TS1/0 on input line 378.
Package textcomp Info: Setting lmr sub-encoding to TS1/0 on input line 379.
Package textcomp Info: Setting lmdh sub-encoding to TS1/0 on input line 380.
Package textcomp Info: Setting lmss sub-encoding to TS1/0 on input line 381.
Package textcomp Info: Setting lmssq sub-encoding to TS1/0 on input line 382.
Package textcomp Info: Setting lmvtt sub-encoding to TS1/0 on input line 383.
Package textcomp Info: Setting lmtt sub-encoding to TS1/0 on input line 384.
Package textcomp Info: Setting qhv sub-encoding to TS1/0 on input line 385.
Package textcomp Info: Setting qag sub-encoding to TS1/0 on input line 386.
Package textcomp Info: Setting qbk sub-encoding to TS1/0 on input line 387.
Package textcomp Info: Setting qcr sub-encoding to TS1/0 on input line 388.
Package textcomp Info: Setting qcs sub-encoding to TS1/0 on input line 389.
Package textcomp Info: Setting qpl sub-encoding to TS1/0 on input line 390.
Package textcomp Info: Setting qtm sub-encoding to TS1/0 on input line 391.
Package textcomp Info: Setting qzc sub-encoding to TS1/0 on input line 392.
Package textcomp Info: Setting qhvc sub-encoding to TS1/0 on input line 393.
Package textcomp Info: Setting futs sub-encoding to TS1/4 on input line 394.
Package textcomp Info: Setting futx sub-encoding to TS1/4 on input line 395.
Package textcomp Info: Setting futj sub-encoding to TS1/4 on input line 396.
Package textcomp Info: Setting hlh sub-encoding to TS1/3 on input line 397.
Package textcomp Info: Setting hls sub-encoding to TS1/3 on input line 398.
Package textcomp Info: Setting hlst sub-encoding to TS1/3 on input line 399.
Package textcomp Info: Setting hlct sub-encoding to TS1/5 on input line 400.
Package textcomp Info: Setting hlx sub-encoding to TS1/5 on input line 401.
Package textcomp Info: Setting hlce sub-encoding to TS1/5 on input line 402.
Package textcomp Info: Setting hlcn sub-encoding to TS1/5 on input line 403.
Package textcomp Info: Setting hlcw sub-encoding to TS1/5 on input line 404.
Package textcomp Info: Setting hlcf sub-encoding to TS1/5 on input line 405.
Package textcomp Info: Setting pplx sub-encoding to TS1/3 on input line 406.
Package textcomp Info: Setting pplj sub-encoding to TS1/3 on input line 407.
Package textcomp Info: Setting ptmx sub-encoding to TS1/4 on input line 408.
Package textcomp Info: Setting ptmj sub-encoding to TS1/4 on input line 409.
)
("C:\Program Files\MiKTeX 2.9\tex/latex/microtype\microtype.sty"
Package: microtype 2019/11/18 v2.7d Micro-typographical refinements (RS)

("C:\Program Files\MiKTeX 2.9\tex/latex/graphics\keyval.sty"
Package: keyval 2014/10/28 v1.15 key=value parser (DPC)
\KV@toks@=\toks21
)
\MT@toks=\toks22
\MT@count=\count100
LaTeX Info: Redefining \textls on input line 790.
\MT@outer@kern=\dimen112
LaTeX Info: Redefining \textmicrotypecontext on input line 1354.
\MT@listname@count=\count101

("C:\Program Files\MiKTeX 2.9\tex/latex/microtype\microtype-pdftex.def"
File: microtype-pdftex.def 2019/11/18 v2.7d Definitions specific to pdftex (RS)

LaTeX Info: Redefining \lsstyle on input line 914.
LaTeX Info: Redefining \lslig on input line 914.
\MT@outer@space=\skip46
)
Package microtype Info: Loading configuration file microtype.cfg.

("C:\Program Files\MiKTeX 2.9\tex/latex/microtype\microtype.cfg"
File: microtype.cfg 2019/11/18 v2.7d microtype main configuration file (RS)
))
("C:\Program Files\MiKTeX 2.9\tex/latex/l3packages/xparse\xparse.sty"
("C:\Program Files\MiKTeX 2.9\tex/latex/l3kernel\expl3.sty"
Package: expl3 2019-08-14 L3 programming layer (loader) 

("C:\Program Files\MiKTeX 2.9\tex/latex/l3kernel\expl3-code.tex"
Package: expl3 2019-08-14 L3 programming layer (code)
\c_max_int=\count102
\l_tmpa_int=\count103
\l_tmpb_int=\count104
\g_tmpa_int=\count105
\g_tmpb_int=\count106
\g__kernel_prg_map_int=\count107
\c__ior_term_noprompt_ior=\count108
\c_log_iow=\count109
\l_iow_line_count_int=\count110
\l__iow_line_target_int=\count111
\l__iow_one_indent_int=\count112
\l__iow_indent_int=\count113
\c_zero_dim=\dimen113
\c_max_dim=\dimen114
\l_tmpa_dim=\dimen115
\l_tmpb_dim=\dimen116
\g_tmpa_dim=\dimen117
\g_tmpb_dim=\dimen118
\c_zero_skip=\skip47
\c_max_skip=\skip48
\l_tmpa_skip=\skip49
\l_tmpb_skip=\skip50
\g_tmpa_skip=\skip51
\g_tmpb_skip=\skip52
\c_zero_muskip=\muskip11
\c_max_muskip=\muskip12
\l_tmpa_muskip=\muskip13
\l_tmpb_muskip=\muskip14
\g_tmpa_muskip=\muskip15
\g_tmpb_muskip=\muskip16
\l_keys_choice_int=\count114
\l__intarray_loop_int=\count115
\c__intarray_sp_dim=\dimen119
\g__intarray_font_int=\count116
\c__fp_leading_shift_int=\count117
\c__fp_middle_shift_int=\count118
\c__fp_trailing_shift_int=\count119
\c__fp_big_leading_shift_int=\count120
\c__fp_big_middle_shift_int=\count121
\c__fp_big_trailing_shift_int=\count122
\c__fp_Bigg_leading_shift_int=\count123
\c__fp_Bigg_middle_shift_int=\count124
\c__fp_Bigg_trailing_shift_int=\count125
\c__kernel_randint_max_int=\count126
\g__fp_array_int=\count127
\l__fp_array_loop_int=\count128
\l__sort_length_int=\count129
\l__sort_min_int=\count130
\l__sort_top_int=\count131
\l__sort_max_int=\count132
\l__sort_true_max_int=\count133
\l__sort_block_int=\count134
\l__sort_begin_int=\count135
\l__sort_end_int=\count136
\l__sort_A_int=\count137
\l__sort_B_int=\count138
\l__sort_C_int=\count139
\l__str_internal_int=\count140
\c__str_replacement_char_int=\count141
\l__tl_analysis_normal_int=\count142
\l__tl_analysis_index_int=\count143
\l__tl_analysis_nesting_int=\count144
\l__tl_analysis_type_int=\count145
\l__regex_internal_a_int=\count146
\l__regex_internal_b_int=\count147
\l__regex_internal_c_int=\count148
\l__regex_balance_int=\count149
\l__regex_group_level_int=\count150
\l__regex_mode_int=\count151
\c__regex_cs_in_class_mode_int=\count152
\c__regex_cs_mode_int=\count153
\l__regex_catcodes_int=\count154
\l__regex_default_catcodes_int=\count155
\c__regex_catcode_D_int=\count156
\c__regex_catcode_S_int=\count157
\c__regex_catcode_L_int=\count158
\c__regex_catcode_O_int=\count159
\c__regex_catcode_A_int=\count160
\c__regex_all_catcodes_int=\count161
\l__regex_show_lines_int=\count162
\l__regex_min_state_int=\count163
\l__regex_max_state_int=\count164
\l__regex_left_state_int=\count165
\l__regex_right_state_int=\count166
\l__regex_capturing_group_int=\count167
\l__regex_min_pos_int=\count168
\l__regex_max_pos_int=\count169
\l__regex_curr_pos_int=\count170
\l__regex_start_pos_int=\count171
\l__regex_success_pos_int=\count172
\l__regex_curr_char_int=\count173
\l__regex_curr_catcode_int=\count174
\l__regex_last_char_int=\count175
\l__regex_case_changed_char_int=\count176
\l__regex_curr_state_int=\count177
\l__regex_step_int=\count178
\l__regex_min_active_int=\count179
\l__regex_max_active_int=\count180
\l__regex_replacement_csnames_int=\count181
\l__regex_match_count_int=\count182
\l__regex_min_submatch_int=\count183
\l__regex_submatch_int=\count184
\l__regex_zeroth_submatch_int=\count185
\g__regex_trace_regex_int=\count186
\c_empty_box=\box30
\l_tmpa_box=\box31
\l_tmpb_box=\box32
\g_tmpa_box=\box33
\g_tmpb_box=\box34
\l__box_top_dim=\dimen120
\l__box_bottom_dim=\dimen121
\l__box_left_dim=\dimen122
\l__box_right_dim=\dimen123
\l__box_top_new_dim=\dimen124
\l__box_bottom_new_dim=\dimen125
\l__box_left_new_dim=\dimen126
\l__box_right_new_dim=\dimen127
\l__box_internal_box=\box35
\l__coffin_internal_box=\box36
\l__coffin_internal_dim=\dimen128
\l__coffin_offset_x_dim=\dimen129
\l__coffin_offset_y_dim=\dimen130
\l__coffin_x_dim=\dimen131
\l__coffin_y_dim=\dimen132
\l__coffin_x_prime_dim=\dimen133
\l__coffin_y_prime_dim=\dimen134
\c_empty_coffin=\box37
\l__coffin_aligned_coffin=\box38
\l__coffin_aligned_internal_coffin=\box39
\l_tmpa_coffin=\box40
\l_tmpb_coffin=\box41
\g_tmpa_coffin=\box42
\g_tmpb_coffin=\box43
\l__coffin_bounding_shift_dim=\dimen135
\l__coffin_left_corner_dim=\dimen136
\l__coffin_right_corner_dim=\dimen137
\l__coffin_bottom_corner_dim=\dimen138
\l__coffin_top_corner_dim=\dimen139
\l__coffin_scaled_total_height_dim=\dimen140
\l__coffin_scaled_width_dim=\dimen141
\c__coffin_empty_coffin=\box44
\l__coffin_display_coffin=\box45
\l__coffin_display_coord_coffin=\box46
\l__coffin_display_pole_coffin=\box47
\l__coffin_display_offset_dim=\dimen142
\l__coffin_display_x_dim=\dimen143
\l__coffin_display_y_dim=\dimen144
\g__file_internal_ior=\read1
\l__seq_internal_a_int=\count187
\l__seq_internal_b_int=\count188
)
("C:\Program Files\MiKTeX 2.9\tex/latex/l3backend\l3backend-pdfmode.def"
File: l3backend-pdfmode.def 2019-04-06 v L3 Experimental backend support: PDF m
ode
\l__kernel_color_stack_int=\count189
\l__pdf_internal_box=\box48
))
Package: xparse 2019-05-28 L3 Experimental document command parser
\l__xparse_current_arg_int=\count190
\g__xparse_grabber_int=\count191
\l__xparse_m_args_int=\count192
\l__xparse_v_nesting_int=\count193
)
("C:\Program Files\MiKTeX 2.9\tex/latex/tcolorbox\tcolorbox.sty"
Package: tcolorbox 2019/11/15 version 4.22 text color boxes

("C:\Program Files\MiKTeX 2.9\tex/latex/pgf/basiclayer\pgf.sty"
("C:\Program Files\MiKTeX 2.9\tex/latex/pgf/utilities\pgfrcs.sty"
("C:\Program Files\MiKTeX 2.9\tex/generic/pgf/utilities\pgfutil-common.tex"
\pgfutil@everybye=\toks23
\pgfutil@tempdima=\dimen145
\pgfutil@tempdimb=\dimen146

("C:\Program Files\MiKTeX 2.9\tex/generic/pgf/utilities\pgfutil-common-lists.te
x")) ("C:\Program Files\MiKTeX 2.9\tex/generic/pgf/utilities\pgfutil-latex.def"
\pgfutil@abb=\box49
("C:\Program Files\MiKTeX 2.9\tex/latex/ms\everyshi.sty"
Package: everyshi 2001/05/15 v3.00 EveryShipout Package (MS)
))
("C:\Program Files\MiKTeX 2.9\tex/generic/pgf/utilities\pgfrcs.code.tex"
("C:\Program Files\MiKTeX 2.9\tex/generic/pgf\pgf.revision.tex")
Package: pgfrcs 2019/08/03 v3.1.4b (3.1.4b)
))
Package: pgf 2019/08/03 v3.1.4b (3.1.4b)

("C:\Program Files\MiKTeX 2.9\tex/latex/pgf/basiclayer\pgfcore.sty"
("C:\Program Files\MiKTeX 2.9\tex/latex/graphics\graphicx.sty"
Package: graphicx 2017/06/01 v1.1a Enhanced LaTeX Graphics (DPC,SPQR)

("C:\Program Files\MiKTeX 2.9\tex/latex/graphics\graphics.sty"
Package: graphics 2017/06/25 v1.2c Standard LaTeX Graphics (DPC,SPQR)

("C:\Program Files\MiKTeX 2.9\tex/latex/graphics\trig.sty"
Package: trig 2016/01/03 v1.10 sin cos tan (DPC)
)
("C:\Program Files\MiKTeX 2.9\tex/latex/graphics-cfg\graphics.cfg"
File: graphics.cfg 2016/06/04 v1.11 sample graphics configuration
)
Package graphics Info: Driver file: pdftex.def on input line 99.

("C:\Program Files\MiKTeX 2.9\tex/latex/graphics-def\pdftex.def"
File: pdftex.def 2018/01/08 v1.0l Graphics/color driver for pdftex
))
\Gin@req@height=\dimen147
\Gin@req@width=\dimen148
)
("C:\Program Files\MiKTeX 2.9\tex/latex/pgf/systemlayer\pgfsys.sty"
("C:\Program Files\MiKTeX 2.9\tex/generic/pgf/systemlayer\pgfsys.code.tex"
Package: pgfsys 2019/08/03 v3.1.4b (3.1.4b)

("C:\Program Files\MiKTeX 2.9\tex/generic/pgf/utilities\pgfkeys.code.tex"
\pgfkeys@pathtoks=\toks24
\pgfkeys@temptoks=\toks25

("C:\Program Files\MiKTeX 2.9\tex/generic/pgf/utilities\pgfkeysfiltered.code.te
x"
\pgfkeys@tmptoks=\toks26
))
\pgf@x=\dimen149
\pgf@y=\dimen150
\pgf@xa=\dimen151
\pgf@ya=\dimen152
\pgf@xb=\dimen153
\pgf@yb=\dimen154
\pgf@xc=\dimen155
\pgf@yc=\dimen156
\pgf@xd=\dimen157
\pgf@yd=\dimen158
\w@pgf@writea=\write3
\r@pgf@reada=\read2
\c@pgf@counta=\count194
\c@pgf@countb=\count195
\c@pgf@countc=\count196
\c@pgf@countd=\count197
\t@pgf@toka=\toks27
\t@pgf@tokb=\toks28
\t@pgf@tokc=\toks29
\pgf@sys@id@count=\count198
 ("C:\Program Files\MiKTeX 2.9\tex/generic/pgf/systemlayer\pgf.cfg"
File: pgf.cfg 2019/08/03 v3.1.4b (3.1.4b)
)
Driver file for pgf: pgfsys-pdftex.def

("C:\Program Files\MiKTeX 2.9\tex/generic/pgf/systemlayer\pgfsys-pdftex.def"
File: pgfsys-pdftex.def 2019/08/03 v3.1.4b (3.1.4b)

("C:\Program Files\MiKTeX 2.9\tex/generic/pgf/systemlayer\pgfsys-common-pdf.def
"
File: pgfsys-common-pdf.def 2019/08/03 v3.1.4b (3.1.4b)
)))
("C:\Program Files\MiKTeX 2.9\tex/generic/pgf/systemlayer\pgfsyssoftpath.code.t
ex"
File: pgfsyssoftpath.code.tex 2019/08/03 v3.1.4b (3.1.4b)
\pgfsyssoftpath@smallbuffer@items=\count199
\pgfsyssoftpath@bigbuffer@items=\count266
)
("C:\Program Files\MiKTeX 2.9\tex/generic/pgf/systemlayer\pgfsysprotocol.code.t
ex"
File: pgfsysprotocol.code.tex 2019/08/03 v3.1.4b (3.1.4b)
)) ("C:\Program Files\MiKTeX 2.9\tex/latex/xcolor\xcolor.sty"
Package: xcolor 2016/05/11 v2.12 LaTeX color extensions (UK)

("C:\Program Files\MiKTeX 2.9\tex/latex/graphics-cfg\color.cfg"
File: color.cfg 2016/01/02 v1.6 sample color configuration
)
Package xcolor Info: Driver file: pdftex.def on input line 225.
Package xcolor Info: Model `cmy' substituted by `cmy0' on input line 1348.
Package xcolor Info: Model `hsb' substituted by `rgb' on input line 1352.
Package xcolor Info: Model `RGB' extended on input line 1364.
Package xcolor Info: Model `HTML' substituted by `rgb' on input line 1366.
Package xcolor Info: Model `Hsb' substituted by `hsb' on input line 1367.
Package xcolor Info: Model `tHsb' substituted by `hsb' on input line 1368.
Package xcolor Info: Model `HSB' substituted by `hsb' on input line 1369.
Package xcolor Info: Model `Gray' substituted by `gray' on input line 1370.
Package xcolor Info: Model `wave' substituted by `hsb' on input line 1371.
)
("C:\Program Files\MiKTeX 2.9\tex/generic/pgf/basiclayer\pgfcore.code.tex"
Package: pgfcore 2019/08/03 v3.1.4b (3.1.4b)

("C:\Program Files\MiKTeX 2.9\tex/generic/pgf/math\pgfmath.code.tex"
("C:\Program Files\MiKTeX 2.9\tex/generic/pgf/math\pgfmathcalc.code.tex"
("C:\Program Files\MiKTeX 2.9\tex/generic/pgf/math\pgfmathutil.code.tex")
("C:\Program Files\MiKTeX 2.9\tex/generic/pgf/math\pgfmathparser.code.tex"
\pgfmath@dimen=\dimen159
\pgfmath@count=\count267
\pgfmath@box=\box50
\pgfmath@toks=\toks30
\pgfmath@stack@operand=\toks31
\pgfmath@stack@operation=\toks32
)
("C:\Program Files\MiKTeX 2.9\tex/generic/pgf/math\pgfmathfunctions.code.tex"
("C:\Program Files\MiKTeX 2.9\tex/generic/pgf/math\pgfmathfunctions.basic.code.
tex")
("C:\Program Files\MiKTeX 2.9\tex/generic/pgf/math\pgfmathfunctions.trigonometr
ic.code.tex")
("C:\Program Files\MiKTeX 2.9\tex/generic/pgf/math\pgfmathfunctions.random.code
.tex")
("C:\Program Files\MiKTeX 2.9\tex/generic/pgf/math\pgfmathfunctions.comparison.
code.tex")
("C:\Program Files\MiKTeX 2.9\tex/generic/pgf/math\pgfmathfunctions.base.code.t
ex")
("C:\Program Files\MiKTeX 2.9\tex/generic/pgf/math\pgfmathfunctions.round.code.
tex")
("C:\Program Files\MiKTeX 2.9\tex/generic/pgf/math\pgfmathfunctions.misc.code.t
ex")
("C:\Program Files\MiKTeX 2.9\tex/generic/pgf/math\pgfmathfunctions.integerarit
hmetics.code.tex")))
("C:\Program Files\MiKTeX 2.9\tex/generic/pgf/math\pgfmathfloat.code.tex"
\c@pgfmathroundto@lastzeros=\count268
))
("C:\Program Files\MiKTeX 2.9\tex/generic/pgf/math\pgfint.code.tex")
("C:\Program Files\MiKTeX 2.9\tex/generic/pgf/basiclayer\pgfcorepoints.code.tex
"
File: pgfcorepoints.code.tex 2019/08/03 v3.1.4b (3.1.4b)
\pgf@picminx=\dimen160
\pgf@picmaxx=\dimen161
\pgf@picminy=\dimen162
\pgf@picmaxy=\dimen163
\pgf@pathminx=\dimen164
\pgf@pathmaxx=\dimen165
\pgf@pathminy=\dimen166
\pgf@pathmaxy=\dimen167
\pgf@xx=\dimen168
\pgf@xy=\dimen169
\pgf@yx=\dimen170
\pgf@yy=\dimen171
\pgf@zx=\dimen172
\pgf@zy=\dimen173
)
("C:\Program Files\MiKTeX 2.9\tex/generic/pgf/basiclayer\pgfcorepathconstruct.c
ode.tex"
File: pgfcorepathconstruct.code.tex 2019/08/03 v3.1.4b (3.1.4b)
\pgf@path@lastx=\dimen174
\pgf@path@lasty=\dimen175
)
("C:\Program Files\MiKTeX 2.9\tex/generic/pgf/basiclayer\pgfcorepathusage.code.
tex"
File: pgfcorepathusage.code.tex 2019/08/03 v3.1.4b (3.1.4b)
\pgf@shorten@end@additional=\dimen176
\pgf@shorten@start@additional=\dimen177
)
("C:\Program Files\MiKTeX 2.9\tex/generic/pgf/basiclayer\pgfcorescopes.code.tex
"
File: pgfcorescopes.code.tex 2019/08/03 v3.1.4b (3.1.4b)
\pgfpic=\box51
\pgf@hbox=\box52
\pgf@layerbox@main=\box53
\pgf@picture@serial@count=\count269
)
("C:\Program Files\MiKTeX 2.9\tex/generic/pgf/basiclayer\pgfcoregraphicstate.co
de.tex"
File: pgfcoregraphicstate.code.tex 2019/08/03 v3.1.4b (3.1.4b)
\pgflinewidth=\dimen178
)
("C:\Program Files\MiKTeX 2.9\tex/generic/pgf/basiclayer\pgfcoretransformations
.code.tex"
File: pgfcoretransformations.code.tex 2019/08/03 v3.1.4b (3.1.4b)
\pgf@pt@x=\dimen179
\pgf@pt@y=\dimen180
\pgf@pt@temp=\dimen181
)
("C:\Program Files\MiKTeX 2.9\tex/generic/pgf/basiclayer\pgfcorequick.code.tex"
File: pgfcorequick.code.tex 2019/08/03 v3.1.4b (3.1.4b)
)
("C:\Program Files\MiKTeX 2.9\tex/generic/pgf/basiclayer\pgfcoreobjects.code.te
x"
File: pgfcoreobjects.code.tex 2019/08/03 v3.1.4b (3.1.4b)
)
("C:\Program Files\MiKTeX 2.9\tex/generic/pgf/basiclayer\pgfcorepathprocessing.
code.tex"
File: pgfcorepathprocessing.code.tex 2019/08/03 v3.1.4b (3.1.4b)
)
("C:\Program Files\MiKTeX 2.9\tex/generic/pgf/basiclayer\pgfcorearrows.code.tex
"
File: pgfcorearrows.code.tex 2019/08/03 v3.1.4b (3.1.4b)
\pgfarrowsep=\dimen182
)
("C:\Program Files\MiKTeX 2.9\tex/generic/pgf/basiclayer\pgfcoreshade.code.tex"
File: pgfcoreshade.code.tex 2019/08/03 v3.1.4b (3.1.4b)
\pgf@max=\dimen183
\pgf@sys@shading@range@num=\count270
\pgf@shadingcount=\count271
) ("C:\Program Files\MiKTeX 2.9\tex/generic/pgf/basiclayer\pgfcoreimage.code.te
x"
File: pgfcoreimage.code.tex 2019/08/03 v3.1.4b (3.1.4b)

("C:\Program Files\MiKTeX 2.9\tex/generic/pgf/basiclayer\pgfcoreexternal.code.t
ex"
File: pgfcoreexternal.code.tex 2019/08/03 v3.1.4b (3.1.4b)
\pgfexternal@startupbox=\box54
))
("C:\Program Files\MiKTeX 2.9\tex/generic/pgf/basiclayer\pgfcorelayers.code.tex
"
File: pgfcorelayers.code.tex 2019/08/03 v3.1.4b (3.1.4b)
)
("C:\Program Files\MiKTeX 2.9\tex/generic/pgf/basiclayer\pgfcoretransparency.co
de.tex"
File: pgfcoretransparency.code.tex 2019/08/03 v3.1.4b (3.1.4b)
)
("C:\Program Files\MiKTeX 2.9\tex/generic/pgf/basiclayer\pgfcorepatterns.code.t
ex"
File: pgfcorepatterns.code.tex 2019/08/03 v3.1.4b (3.1.4b)
)
("C:\Program Files\MiKTeX 2.9\tex/generic/pgf/basiclayer\pgfcorerdf.code.tex"
File: pgfcorerdf.code.tex 2019/08/03 v3.1.4b (3.1.4b)
))) ("C:\Program Files\MiKTeX 2.9\tex/generic/pgf/modules\pgfmoduleshapes.code.
tex"
File: pgfmoduleshapes.code.tex 2019/08/03 v3.1.4b (3.1.4b)
\pgfnodeparttextbox=\box55
) ("C:\Program Files\MiKTeX 2.9\tex/generic/pgf/modules\pgfmoduleplot.code.tex"
File: pgfmoduleplot.code.tex 2019/08/03 v3.1.4b (3.1.4b)
)
("C:\Program Files\MiKTeX 2.9\tex/latex/pgf/compatibility\pgfcomp-version-0-65.
sty"
Package: pgfcomp-version-0-65 2019/08/03 v3.1.4b (3.1.4b)
\pgf@nodesepstart=\dimen184
\pgf@nodesepend=\dimen185
)
("C:\Program Files\MiKTeX 2.9\tex/latex/pgf/compatibility\pgfcomp-version-1-18.
sty"
Package: pgfcomp-version-1-18 2019/08/03 v3.1.4b (3.1.4b)
)) ("C:\Program Files\MiKTeX 2.9\tex/latex/tools\verbatim.sty"
Package: verbatim 2014/10/28 v1.5q LaTeX2e package for verbatim enhancements
\every@verbatim=\toks33
\verbatim@line=\toks34
\verbatim@in@stream=\read3
)
("C:\Program Files\MiKTeX 2.9\tex/latex/environ\environ.sty"
Package: environ 2014/05/04 v0.3 A new way to define environments

("C:\Program Files\MiKTeX 2.9\tex/latex/trimspaces\trimspaces.sty"
Package: trimspaces 2009/09/17 v1.1 Trim spaces around a token list
))
(C:\Users\fskdm\AppData\Roaming\MiKTeX\2.9\tex/latex/etoolbox\etoolbox.sty
Package: etoolbox 2019/09/21 v2.5h e-TeX tools for LaTeX (JAW)
\etb@tempcnta=\count272
)
\tcb@titlebox=\box56
\tcb@upperbox=\box57
\tcb@lowerbox=\box58
\tcb@phantombox=\box59
\c@tcbbreakpart=\count273
\c@tcblayer=\count274
\tcolorbox@number=\count275
\tcb@temp=\box60
\tcb@temp=\box61
\tcb@temp=\box62
\tcb@temp=\box63
\tcb@out=\write4
\tcb@record@out=\write5
)
("C:\Program Files\MiKTeX 2.9\tex/latex/tcolorbox\tcbskins.code.tex"
Library (tcolorbox): 'tcbskins.code.tex' version '4.22'
("C:\Program Files\MiKTeX 2.9\tex/latex/pgf/frontendlayer\tikz.sty"
("C:\Program Files\MiKTeX 2.9\tex/latex/pgf/utilities\pgffor.sty"
("C:\Program Files\MiKTeX 2.9\tex/latex/pgf/utilities\pgfkeys.sty"
("C:\Program Files\MiKTeX 2.9\tex/generic/pgf/utilities\pgfkeys.code.tex"))
("C:\Program Files\MiKTeX 2.9\tex/latex/pgf/math\pgfmath.sty"
("C:\Program Files\MiKTeX 2.9\tex/generic/pgf/math\pgfmath.code.tex"))
("C:\Program Files\MiKTeX 2.9\tex/generic/pgf/utilities\pgffor.code.tex"
Package: pgffor 2019/08/03 v3.1.4b (3.1.4b)

("C:\Program Files\MiKTeX 2.9\tex/generic/pgf/math\pgfmath.code.tex")
\pgffor@iter=\dimen186
\pgffor@skip=\dimen187
\pgffor@stack=\toks35
\pgffor@toks=\toks36
))
("C:\Program Files\MiKTeX 2.9\tex/generic/pgf/frontendlayer/tikz\tikz.code.tex"
Package: tikz 2019/08/03 v3.1.4b (3.1.4b)

("C:\Program Files\MiKTeX 2.9\tex/generic/pgf/libraries\pgflibraryplothandlers.
code.tex"
File: pgflibraryplothandlers.code.tex 2019/08/03 v3.1.4b (3.1.4b)
\pgf@plot@mark@count=\count276
\pgfplotmarksize=\dimen188
)
\tikz@lastx=\dimen189
\tikz@lasty=\dimen190
\tikz@lastxsaved=\dimen191
\tikz@lastysaved=\dimen192
\tikz@lastmovetox=\dimen193
\tikz@lastmovetoy=\dimen194
\tikzleveldistance=\dimen195
\tikzsiblingdistance=\dimen196
\tikz@figbox=\box64
\tikz@figbox@bg=\box65
\tikz@tempbox=\box66
\tikz@tempbox@bg=\box67
\tikztreelevel=\count277
\tikznumberofchildren=\count278
\tikznumberofcurrentchild=\count279
\tikz@fig@count=\count280

("C:\Program Files\MiKTeX 2.9\tex/generic/pgf/modules\pgfmodulematrix.code.tex"
File: pgfmodulematrix.code.tex 2019/08/03 v3.1.4b (3.1.4b)
\pgfmatrixcurrentrow=\count281
\pgfmatrixcurrentcolumn=\count282
\pgf@matrix@numberofcolumns=\count283
)
\tikz@expandcount=\count284

("C:\Program Files\MiKTeX 2.9\tex/generic/pgf/frontendlayer/tikz/libraries\tikz
librarytopaths.code.tex"
File: tikzlibrarytopaths.code.tex 2019/08/03 v3.1.4b (3.1.4b)
)))
\tcb@waterbox=\box68

("C:\Program Files\MiKTeX 2.9\tex/latex/tcolorbox\tcbskinsjigsaw.code.tex"
Library (tcolorbox): 'tcbskinsjigsaw.code.tex' version '4.22'
))
No file ResponseLetter2.aux.
\openout1 = `ResponseLetter2.aux'.

LaTeX Font Info:    Checking defaults for OML/cmm/m/it on input line 47.
LaTeX Font Info:    ... okay on input line 47.
LaTeX Font Info:    Checking defaults for T1/cmr/m/n on input line 47.
LaTeX Font Info:    ... okay on input line 47.
LaTeX Font Info:    Checking defaults for OT1/cmr/m/n on input line 47.
LaTeX Font Info:    ... okay on input line 47.
LaTeX Font Info:    Checking defaults for OMS/cmsy/m/n on input line 47.
LaTeX Font Info:    ... okay on input line 47.
LaTeX Font Info:    Checking defaults for OMX/cmex/m/n on input line 47.
LaTeX Font Info:    ... okay on input line 47.
LaTeX Font Info:    Checking defaults for U/cmr/m/n on input line 47.
LaTeX Font Info:    ... okay on input line 47.
LaTeX Font Info:    Checking defaults for TS1/cmr/m/n on input line 47.
LaTeX Font Info:    Try loading font information for TS1+cmr on input line 47.
("C:\Program Files\MiKTeX 2.9\tex/latex/base\ts1cmr.fd"
File: ts1cmr.fd 2014/09/29 v2.5h Standard LaTeX font definitions
)
LaTeX Font Info:    ... okay on input line 47.
LaTeX Info: Redefining \microtypecontext on input line 47.
Package microtype Info: Generating PDF output.
Package microtype Info: Character protrusion enabled (level 2).
Package microtype Info: Using default protrusion set `alltext'.
Package microtype Info: Automatic font expansion enabled (level 2),
(microtype)             stretch: 20, shrink: 20, step: 1, non-selected.
Package microtype Info: Using default expansion set `basictext'.
Package microtype Info: No adjustment of tracking.
Package microtype Info: No adjustment of interword spacing.
Package microtype Info: No adjustment of character kerning.

("C:\Program Files\MiKTeX 2.9\tex/latex/microtype\mt-cmr.cfg"
File: mt-cmr.cfg 2013/05/19 v2.2 microtype config. file: Computer Modern Roman 
(RS)
)
ABD: EveryShipout initializing macros
("C:\Program Files\MiKTeX 2.9\tex/context/base/mkii\supp-pdf.mkii"
[Loading MPS to PDF converter (version 2006.09.02).]
\scratchcounter=\count285
\scratchdimen=\dimen197
\scratchbox=\box69
\nofMPsegments=\count286
\nofMParguments=\count287
\everyMPshowfont=\toks37
\MPscratchCnt=\count288
\MPscratchDim=\dimen198
\MPnumerator=\count289
\makeMPintoPDFobject=\count290
\everyMPtoPDFconversion=\toks38
) ("C:\Program Files\MiKTeX 2.9\tex/latex/oberdiek\epstopdf-base.sty"
Package: epstopdf-base 2016/05/15 v2.6 Base part for package epstopdf

("C:\Program Files\MiKTeX 2.9\tex/generic/oberdiek\infwarerr.sty"
Package: infwarerr 2016/05/16 v1.4 Providing info/warning/error messages (HO)
)
("C:\Program Files\MiKTeX 2.9\tex/latex/oberdiek\grfext.sty"
Package: grfext 2016/05/16 v1.2 Manage graphics extensions (HO)

("C:\Program Files\MiKTeX 2.9\tex/generic/oberdiek\kvdefinekeys.sty"
Package: kvdefinekeys 2016/05/16 v1.4 Define keys (HO)

("C:\Program Files\MiKTeX 2.9\tex/generic/oberdiek\ltxcmds.sty"
Package: ltxcmds 2016/05/16 v1.23 LaTeX kernel commands for general use (HO)
)))
("C:\Program Files\MiKTeX 2.9\tex/latex/oberdiek\kvoptions.sty"
Package: kvoptions 2016/05/16 v3.12 Key value format for package options (HO)

("C:\Program Files\MiKTeX 2.9\tex/generic/oberdiek\kvsetkeys.sty"
Package: kvsetkeys 2016/05/16 v1.17 Key value parser (HO)

("C:\Program Files\MiKTeX 2.9\tex/generic/oberdiek\etexcmds.sty"
Package: etexcmds 2016/05/16 v1.6 Avoid name clashes with e-TeX commands (HO)

("C:\Program Files\MiKTeX 2.9\tex/generic/oberdiek\ifluatex.sty"
Package: ifluatex 2016/05/16 v1.4 Provides the ifluatex switch (HO)
Package ifluatex Info: LuaTeX not detected.
))))
("C:\Program Files\MiKTeX 2.9\tex/generic/oberdiek\pdftexcmds.sty"
Package: pdftexcmds 2019/07/25 v0.30 Utility functions of pdfTeX for LuaTeX (HO
)

("C:\Program Files\MiKTeX 2.9\tex/generic/oberdiek\ifpdf.sty"
Package: ifpdf 2018/09/07 v3.3 Provides the ifpdf switch
)
Package pdftexcmds Info: LuaTeX not detected.
Package pdftexcmds Info: \pdf@primitive is available.
Package pdftexcmds Info: \pdf@ifprimitive is available.
Package pdftexcmds Info: \pdfdraftmode found.
)
Package epstopdf-base Info: Redefining graphics rule for `.eps' on input line 4
38.
Package grfext Info: Graphics extension search list:
(grfext)             [.pdf,.png,.jpg,.mps,.jpeg,.jbig2,.jb2,.PDF,.PNG,.JPG,.JPE
G,.JBIG2,.JB2,.eps]
(grfext)             \AppendGraphicsExtensions on input line 456.
)
Package microtype Info: Loading generic protrusion settings for font family
(microtype)             `cmtt' (encoding: OT1).
(microtype)             For optimal results, create family-specific settings.
(microtype)             See the microtype manual for details.

Underfull \hbox (badness 10000) in paragraph at lines 91--91
\OT1/cmtt/m/n/10 middle paragraph. The sentence construction is complicated
 []

[1

{C:/Users/fskdm/AppData/Local/MiKTeX/2.9/pdftex/config/pdftex.map}]
Underfull \hbox (badness 10000) in paragraph at lines 96--96
\OT1/cmtt/m/n/10 Also the text describes a micro union brazed onto the block,
 []


Underfull \hbox (badness 10000) in paragraph at lines 102--102
\OT1/cmtt/m/n/10 p11 digital to analog converter converter . converter is
 []


Underfull \hbox (badness 10000) in paragraph at lines 107--107
\OT1/cmtt/m/n/10 p15. Chromatographically, would it be better if the warmer
 []


Underfull \hbox (badness 10000) in paragraph at lines 107--107
\OT1/cmtt/m/n/10 side of the column was towards the detector or towards the
 []

[2] (ResponseLetter2.aux) ) 
Here is how much of TeX's memory you used:
 27537 strings out of 492895
 560509 string characters out of 3133479
 631699 words of memory out of 3000000
 31122 multiletter control sequences out of 15000+200000
 540080 words of font info for 62 fonts, out of 3000000 for 9000
 1141 hyphenation exceptions out of 8191
 54i,7n,84p,858b,919s stack positions out of 5000i,500n,10000p,200000b,50000s
 <C:\Users\fskdm\AppData\Local\MiKTeX\2.9\fonts/pk/l
jfour/jknappen/ec/dpi600\tcti1000.pk><C:/Program Files/MiKTeX 2.9/fonts/type1/p
ublic/amsfonts/cm/cmbx10.pfb><C:/Program Files/MiKTeX 2.9/fonts/type1/public/am
sfonts/cm/cmbx12.pfb><C:/Program Files/MiKTeX 2.9/fonts/type1/public/amsfonts/c
m/cmr10.pfb><C:/Program Files/MiKTeX 2.9/fonts/type1/public/amsfonts/cm/cmr12.p
fb><C:/Program Files/MiKTeX 2.9/fonts/type1/public/amsfonts/cm/cmr17.pfb><C:/Pr
ogram Files/MiKTeX 2.9/fonts/type1/public/amsfonts/cm/cmsy10.pfb><C:/Program Fi
les/MiKTeX 2.9/fonts/type1/public/amsfonts/cm/cmti10.pfb><C:/Program Files/MiKT
eX 2.9/fonts/type1/public/amsfonts/cm/cmtt10.pfb>
Output written on ResponseLetter2.pdf (2 pages, 112969 bytes).
PDF statistics:
 49 PDF objects out of 1000 (max. 8388607)
 0 named destinations out of 1000 (max. 500000)
 12813 words of extra memory for PDF output out of 14400 (max. 10000000)

